         w __deregister_frame_info
         w __register_frame_info
         w _ITM_deregisterTMCloneTable
         w _ITM_registerTMCloneTable
         w _Jv_RegisterClasses
00000000 b .LANCHOR1
00000000 b _TLS_MODULE_BASE_
00000000 a shift
00000000 00002000 b tmp_buffer.6665
00001ff8 b .LANCHOR2
00002000 00000401 b __fixedpath
00002404 00000802 b __utf16path
00002c08 00000802 b __utf16path_old.6736
00100000 T __start__
00100000 T _start
00100008 T __service_ptr
0010000c T __apt_appid
00100010 T __heap_size
00100014 T __linear_heap_size
00100018 T __system_arglist
0010001c T __system_runflags
00100020 t startup
00100058 t ClearMem
0010006c t ClrLoop
00100094 T _init
001000ac t deregister_tm_clones
001000dc t register_tm_clones
00100114 t __do_global_dtors_aux
00100158 t frame_dummy
001001b8 00000054 T Ball_init
0010020c 0000000c T Ball_render
00100218 00000054 T Ball_process_game
0010026c 00000004 T Ball_process_title
00100270 00000018 T Ball_check_hit_screen_top_bottom
00100288 00000014 T Ball_check_hit_screen_left
0010029c 00000014 T Ball_check_hit_screen_right
001002b0 00000008 T Ball_check_hit_image_left_right
001002b8 00000008 T Ball_check_hit_image_top_bottom
001002c0 00000180 T Ball_Check_Collide
00100440 00000020 T Button_Init
00100460 00000074 T Button_Check_Press
001004d4 00000014 T Button_Action_1_Player
001004e8 00000014 T Button_Action_2_Players
001004fc 00000014 T Button_Action_Menu
00100510 00000014 T Button_Action_Quit
00100524 00000154 T Menu_Init
00100678 0000003c T Menu_Process_Upper_Screen
001006b4 00000010 T Menu_Render_Upper_Screen
001006c4 00000064 T Menu_Render_Lower_Screen
00100728 000000d8 T Menu_Process_Lower_Screen
00100800 00000004 T Menu_Free
00100804 00000064 T paddle_init
00100868 00000074 T paddle_process
001008dc 00000014 T paddle_check_on_screen
001008f0 000000d0 T Two_Init
001009c0 00000050 T Two_Process_Lower_Screen
00100a10 00000030 T Two_Render_Upper_Screen
00100a40 00000058 T Two_Process_Upper_Screen
00100a98 00000010 T Two_Render_Lower_Screen
00100aa8 T initSystem
00100aec T __ctru_exit
00100b0c 0000019c T __aeabi_frsub
00100b14 00000194 T __aeabi_fsub
00100b14 00000194 T __subsf3
00100b18 00000190 T __addsf3
00100b18 00000190 T __aeabi_fadd
00100ca8 00000028 T __aeabi_ui2f
00100ca8 00000028 T __floatunsisf
00100cb0 00000020 T __aeabi_i2f
00100cb0 00000020 T __floatsisf
00100cd0 0000008c T __aeabi_ul2f
00100cd0 0000008c T __floatundisf
00100ce0 0000007c T __aeabi_l2f
00100ce0 0000007c T __floatdisf
00100d5c 00000004 W __aeabi_idiv0
00100d5c 00000004 W __aeabi_ldiv0
00100d68 00000390 T strcmp
00101100 00000008 t null_write
00101108 00000018 T setDefaultDevice
00101120 000000bc T FindDevice
001011dc 0000002c T RemoveDevice
00101208 00000098 T AddDevice
001012a0 00000024 T GetDeviceOpTab
001012c4 00000070 T _sbrk_r
00101334 000001bc T _concatenate_path
001014f0 00000154 T chdir
00101644 000000a0 T getcwd
001016e4 00000018 T __libc_lock_init
001016fc 00000018 T __libc_lock_acquire
00101714 00000024 T __libc_lock_try_acquire
00101738 00000018 T __libc_lock_release
00101750 00000018 T __libc_lock_close
00101768 00000018 T __libc_lock_init_recursive
00101780 00000018 T __libc_lock_acquire_recursive
00101798 00000024 T __libc_lock_try_acquire_recursive
001017bc 00000018 T __libc_lock_release_recursive
001017d4 00000018 T __libc_lock_close_recursive
001017ec 00000028 T __getreent
00101814 t .udivsi3_skip_div0_test
00101814 T __aeabi_uidiv
00101814 000001ec T __udivsi3
00101a00 00000020 T __aeabi_uidivmod
00101a20 00000110 T main
00101b30 00000048 T sf2d_fini
00101b78 0000009c T sf2d_start_frame_target
00101c14 00000038 T sf2d_start_frame
00101c4c 00000004 T sf2d_end_frame
00101c50 000000b0 T sf2d_swapbuffers
00101d00 00000040 T sf2d_pool_memalign
00101d40 00000038 T sf2d_set_clear_color
00101d78 000001ac t sf2d_init_advanced.part.0
00101f24 00000028 T sf2d_init
00101f4c 00000070 t sf2d_texture_tile32_hardware.part.7
00101fbc 00000114 T sf2d_create_texture
001020d0 00000098 T sf2d_create_rendertarget
00102168 00000014 T sf2d_clear_target
0010217c 000000ac T sf2d_fill_texture_from_RGBA8
00102228 00000044 T sf2d_create_texture_mem_RGBA8
0010226c 00000054 T sf2d_bind_texture
001022c0 00000160 T sf2d_draw_texture
00102420 00000028 T AttrInfo_Init
00102448 000000a4 T AttrInfo_AddLoader
001024ec 00000024 T C3D_GetAttrInfo
00102510 00000080 T C3Di_AttrInfoBind
00102590 00000088 t C3Di_AptEventHook
00102618 00000168 T C3D_Init
00102780 00000098 T C3D_SetViewport
00102818 00000580 T C3Di_UpdateContext
00102d98 000000e0 T C3Di_FinalizeFrame
00102e78 00000048 T C3D_Fini
00102ec0 000000d4 T C3D_BindProgram
00102f94 00000020 T BufInfo_Init
00102fb4 00000084 T BufInfo_Add
00103038 00000024 T C3D_GetBufInfo
0010305c 00000048 T C3Di_BufInfoBind
001030a4 00000148 T C3D_DrawArrays
001031ec 0000003c T C3D_DepthMap
00103228 0000001c T C3D_CullFace
00103244 0000003c T C3D_StencilTest
00103280 00000024 T C3D_StencilOp
001032a4 0000001c T C3D_BlendingColor
001032c0 00000028 T C3D_DepthTest
001032e8 00000028 T C3D_AlphaTest
00103310 00000050 T C3D_AlphaBlend
00103360 00000030 T C3D_FragOpMode
00103390 0000011c T C3Di_EffectBind
001034ac 000000b4 T C3D_ImmSendAttrib
00103560 000000a4 T C3D_RenderBufInit
00103604 00000080 T C3D_RenderBufClearAsync
00103684 00000028 T C3D_RenderBufTransferAsync
001036ac 00000038 T C3D_RenderBufBind
001036e4 00000168 T C3Di_RenderBufBind
0010384c 00000018 T C3D_RenderBufDelete
00103864 00000040 t C3Di_RenderQueueWaitDone
001038a4 00000078 t performTransfer.part.0
0010391c 00000050 t transferTarget
0010396c 00000024 t onVBlank1
00103990 0000008c t onVBlank0
00103a1c 0000003c t performClear.part.2
00103a58 0000004c t clearTarget
00103aa4 000000c0 t updateFrameQueue.part.4
00103b64 000000e0 t onRenderFinish
00103c44 00000018 t onClearDone.part.6
00103c44 00000018 t onTransferFinish.part.5
00103c5c 000000b0 t onTransferFinish
00103d0c 00000064 t onClearDone
00103d70 0000005c t checkRenderQueueInit.part.7
00103dcc 00000064 T C3D_FrameBegin
00103e30 00000078 T C3D_FrameDrawOn
00103ea8 000000d0 T C3D_FrameEnd
00103f78 000000e0 T C3D_RenderTargetCreate
00104058 0000007c T C3D_RenderTargetDelete
001040d4 00000084 t C3Di_RenderQueueExit
00104158 00000050 T C3D_RenderTargetSetClear
001041a8 00000058 T C3D_RenderTargetSetOutput
00104200 00000088 T C3D_SafeDisplayTransfer
00104288 00000034 T TexEnv_Init
001042bc 00000034 T C3D_GetTexEnv
001042f0 00000024 T C3Di_TexEnvBind
00104314 000000b8 T C3D_TexInit
001043cc 000000b8 T C3D_TexInitVRAM
00104484 00000024 T C3D_TexSetWrap
001044a8 00000034 T C3D_TexBind
001044dc 0000003c T C3D_TexDelete
00104518 000002ac T C3D_UpdateUniforms
001047c4 000000c0 T C3Di_DirtyUniforms
00104884 000000e4 T C3Di_LoadShaderUniforms
00104968 00000028 T C3Di_ClearShaderUniforms
00104990 00000104 T Mtx_OrthoTilt
00104a94 0000002c T Mtx_Identity
00104ac0 00000070 T Mtx_Multiply
00104b30 00000024 t addrMapNodeComparator(rbtree_node const*, rbtree_node const*)
00104b54 00000004 t addrMapNodeDestructor(rbtree_node*)
00104b58 00000140 T linearMemAlign
00104c98 00000008 T linearAlloc
00104ca0 00000050 T linearFree
00104cf0 000000a0 T MemPool::CoalesceRight(MemBlock*)
00104d90 0000018c T MemPool::Allocate(MemChunk&, unsigned long, int)
00104f1c 00000104 T MemPool::Deallocate(MemChunk const&)
00105020 00000024 t addrMapNodeComparator(rbtree_node const*, rbtree_node const*)
00105044 00000004 t addrMapNodeDestructor(rbtree_node*)
00105048 00000130 T vramMemAlign
00105178 00000008 T vramAlloc
00105180 00000050 T vramFree
001051d0 0000008c t gfxSetFramebufferInfo.part.0
0010525c 00000010 T gfxSet3D
0010526c 00000010 T gfxIs3D
0010527c 00000018 T __get_bytes_per_pixel
00105294 00000070 T gfxSetFramebufferInfo
00105304 00000088 T gfxWriteFramebufferInfo
0010538c 000001d0 T gfxInit
0010555c 00000010 T gfxInitDefault
0010556c 000000e0 T gfxExit
0010564c 000000b0 T gfxGetFramebuffer
001056fc 00000070 T gfxConfigScreen
0010576c 00000058 t getSysTime
001057c4 0000004c T osConvertVirtToPhys
00105810 00000024 T osGetMemRegionUsed
00105838 000000f4 T __libctru_gtod
00105930 00000078 T osGetTime
001059a8 00000034 T __ctru_speedup_config
001059dc 0000002c T GPUCMD_SetBuffer
00105a08 00000040 T GPUCMD_GetBuffer
00105a48 000000e4 T GPUCMD_Add
00105b2c 00000098 T GPUCMD_Finalize
00105bc4 00000040 T f32tof24
00105c04 00000040 T f32tof31
00105c44 00000054 T GX_ProcessCommandList
00105c98 00000060 T GX_MemoryFill
00105cf8 00000050 T GX_DisplayTransfer
00105d48 00000054 T GX_FlushCacheRegions
00105d9c 00000048 t GPU_SetShaderOutmap
00105de4 000000b8 t GPU_SendShaderCode.constprop.0
00105e9c 00000070 t GPU_SendOperandDescriptors.constprop.1
00105f0c 0000023c T shaderInstanceInit
00106148 00000038 T shaderInstanceFree
00106180 00000018 T shaderInstanceGetUniformLocation
00106198 00000018 T shaderProgramInit
001061b0 00000030 T shaderProgramFree
001061e0 0000006c T shaderProgramSetVsh
0010624c 00000340 T shaderProgramConfigure
0010658c 0000003c T DVLB_Free
001065c8 00000080 T DVLE_GetUniformRegister
00106648 00000198 T DVLE_GenerateOutmap
001067e0 00000198 T DVLB_ParseFile
00106978 00000004 W _aptDebug
0010697c 0000012c T aptSendCommand
00106aa8 0000003c t aptExitProcess
00106ae4 00000038 T aptHook
00106b1c 0000002c T aptUnhook
00106b48 0000004c T APT_InquireNotification
00106b94 00000198 t aptEventHandler
00106d2c 00000074 T APT_AppletUtility
00106da0 000000b0 T aptSetSleepAllowed
00106e50 000000b4 T APT_GlanceParameter
00106f04 000000c0 T APT_ReceiveParameter
00106fc4 000000a8 t aptReceiveParameter.constprop.1
00107070 000001e0 t aptScreenTransfer
00107250 00000224 t aptWaitForWakeUp
00107474 00000070 T APT_CancelParameter
001074e4 0000021c T aptInit
00107700 00000088 t aptClearParamQueue
00107788 00000208 T aptMainLoop
00107990 00000148 T aptExit
00107ad8 00000070 T APT_CheckNew3DS
00107b48 00000154 t gspEventThreadMain
00107c9c 00000074 T gspInit
00107d10 0000003c T gspExit
00107d4c 0000002c T gspSetEventCallback
00107d78 00000084 T gspInitEventHandler
00107dfc 00000030 T gspExitEventHandler
00107e2c 00000044 T gspWaitForEvent
00107e70 00000064 T gspWaitForAnyEvent
00107ed4 00000128 T gspSubmitGxCommand
00107ffc 0000006c T GSPGPU_SetBufferSwap
00108068 0000004c T GSPGPU_FlushDataCache
001080b4 00000034 T GSPGPU_SetLcdForceBlack
001080e8 00000064 T GSPGPU_RegisterInterruptRelayQueue
0010814c 0000002c T GSPGPU_UnregisterInterruptRelayQueue
00108178 00000048 T GSPGPU_AcquireRight
001081c0 0000002c T GSPGPU_ReleaseRight
001081ec 00000080 T GSPGPU_ImportDisplayCaptureInfo
0010826c 0000002c T GSPGPU_SaveVramSysArea
00108298 0000002c T GSPGPU_RestoreVramSysArea
001082c4 000000d8 T hidExit
0010839c 00000238 T hidScanInput
001085d4 00000010 T hidKeysHeld
001085e4 00000010 T hidKeysDown
001085f4 00000018 T hidTouchRead
0010860c 00000090 T HIDUSER_GetHandles
0010869c 00000184 T hidInit
00108820 000000b0 T irrstScanInput
001088d0 0000001c T irrstKeysHeld
001088ec 00000050 T IRRST_GetHandles
0010893c 00000148 T irrstInit
00108a84 0000002c T IRRST_Shutdown
00108ab0 000000b0 T irrstExit
00108b60 00000070 T ptmSysmInit
00108bd0 00000034 T ptmSysmExit
00108c04 00000034 T PTMSYSM_ConfigureNew3DSCPU
00108c38 00000070 T rbtree_find
00108ca8 00000014 T rbtree_init
00108cbc 000001d4 t do_insert
00108e90 00000008 T rbtree_insert
00108e98 0000035c T rbtree_remove
001091f4 000000ac T rbtree_rotate
001092a0 00000058 t osGetMemRegionSize
001092f8 00000124 W __system_allocateHeaps
0010941c 000000f4 T __system_initArgv
00109510 00000038 W __libctru_init
00109548 00000030 t __ctru_get_reent
00109578 000000e8 T __system_initSyscalls
00109660 T svcControlMemory
00109680 T svcExitProcess
00109688 T svcCreateThread
001096a8 T svcExitThread
001096b0 T svcSleepThread
001096b8 T svcReleaseMutex
001096c0 T svcCreateEvent
001096d4 T svcSignalEvent
001096dc T svcClearEvent
001096e4 T svcMapMemoryBlock
001096ec T svcUnmapMemoryBlock
001096f4 T svcCreateAddressArbiter
00109708 T svcArbitrateAddress
00109720 T svcCloseHandle
00109728 T svcWaitSynchronization
00109730 T svcWaitSynchronizationN
00109758 T svcDuplicateHandle
0010976c T svcGetSystemTick
00109774 T svcGetSystemInfo
0010978c T svcConnectToPort
001097a0 T svcSendSyncRequest
001097a8 T svcBreak
001097b0 00000024 t addrMapNodeComparator(rbtree_node const*, rbtree_node const*)
001097d4 00000004 t addrMapNodeDestructor(rbtree_node*)
001097d8 000000f4 T mappableAlloc
001098cc 00000050 T mappableFree
0010991c 00000094 T envGetHandle
001099b0 0000004c T envDestroyHandles
001099fc 00000050 T srvExit
00109a4c 00000038 T srvRegisterClient
00109a84 00000070 T srvInit
00109af4 00000068 T srvGetServiceHandleDirect
00109b5c 00000038 T srvGetServiceHandle
00109b94 00000034 t LightLock_Unlock.part.1
00109bc8 0000000c T __sync_init
00109bd4 00000018 T __sync_fini
00109bec 00000010 T __sync_get_arbiter
00109bfc 00000018 T LightLock_Init
00109c14 00000094 T LightLock_Lock
00109ca8 00000034 T LightLock_TryLock
00109cdc 00000020 T LightLock_Unlock
00109cfc 00000024 T RecursiveLock_Init
00109d20 00000030 T RecursiveLock_Lock
00109d50 00000058 T RecursiveLock_TryLock
00109da8 00000038 T RecursiveLock_Unlock
00109de0 00000038 T LightEvent_Init
00109e18 0000007c T LightEvent_Clear
00109e94 000000dc T LightEvent_Signal
00109f70 000000c8 T LightEvent_Wait
0010a038 000001c8 T threadCreate
0010a200 00000024 T threadJoin
0010a224 0000006c T threadExit
0010a290 0000003c t _thread_begin
0010a2cc 0000008c T rbtree_node_next
0010a358 0000001c W __appExit
0010a374 0000001c W __appInit
0010a390 000000a4 W __libctru_exit
0010a434 00000010 t sdmc_link
0010a444 00000010 t sdmc_dirreset
0010a454 00000010 t sdmc_chmod
0010a464 00000010 t sdmc_fchmod
0010a474 00000024 t error_cmp
0010a498 00000050 t sdmc_translate_error
0010a4e8 00000034 t sdmc_fsync
0010a51c 00000054 t sdmc_ftruncate
0010a570 000000ac t sdmc_statvfs
0010a61c 00000038 t sdmc_dirclose
0010a654 0000013c t sdmc_dirnext
0010a790 00000034 t sdmc_close
0010a7c4 00000074 t sdmc_fstat
0010a838 000000c0 t sdmc_seek
0010a8f8 0000008c t sdmc_read
0010a984 00000110 t sdmc_write_safe
0010aa94 000001b4 t sdmc_utf16path
0010ac48 00000074 t sdmc_rmdir
0010acbc 000000a8 t sdmc_diropen
0010ad64 000000a0 t sdmc_chdir
0010ae04 00000098 t sdmc_mkdir
0010ae9c 00000108 t sdmc_rename
0010afa4 00000074 t sdmc_unlink
0010b018 00000108 t sdmc_stat
0010b120 00000188 t sdmc_open
0010b2a8 0000015c T sdmcInit
0010b404 00000054 T sdmcExit
0010b458 00000028 t fsSessionForArchive.part.0
0010b480 000000cc T fsInit
0010b54c 00000038 T fsExit
0010b584 00000074 T fsExemptFromSession
0010b5f8 00000054 T fsUnexemptFromSession
0010b64c 000000bc T FSUSER_OpenFile
0010b708 000000a4 T FSUSER_DeleteFile
0010b7ac 000000e0 T FSUSER_RenameFile
0010b88c 000000a4 T FSUSER_DeleteDirectory
0010b930 000000bc T FSUSER_CreateFile
0010b9ec 000000ac T FSUSER_CreateDirectory
0010ba98 000000e0 T FSUSER_RenameDirectory
0010bb78 000000a4 T FSUSER_OpenDirectory
0010bc1c 0000009c T FSUSER_OpenArchive
0010bcb8 00000074 T FSUSER_CloseArchive
0010bd2c 00000078 T FSUSER_GetSdmcArchiveResource
0010bda4 00000064 T FSUSER_IsSdmcWritable
0010be08 0000005c T FSFILE_Read
0010be64 00000064 T FSFILE_Write
0010bec8 0000003c T FSFILE_GetSize
0010bf04 0000002c T FSFILE_SetSize
0010bf30 0000003c T FSFILE_Close
0010bf6c 00000024 T FSFILE_Flush
0010bf90 00000054 T FSDIR_Read
0010bfe4 0000003c T FSDIR_Close
0010c020 00000138 T decode_utf8
0010c158 000000e4 T utf16_to_utf8
0010c23c 000000bc T utf8_to_utf16
0010c2f8 T __aeabi_read_tp
0010c304 00000060 T decode_utf16
0010c364 00000068 T encode_utf16
0010c3cc 00000104 T encode_utf8
0010c4d0 00000078 T bsearch
0010c548 00000020 T calloc
0010c568 00000090 T _calloc_r
0010c5f8 0000003c T __libc_fini_array
0010c634 00000078 T __libc_init_array
0010c6ac 00000020 T memalign
0010c6cc 0000015c T _memalign_r
0010c828 00000018 T malloc
0010c840 00000018 T free
0010c858 000007a8 T _malloc_r
0010d000 000000f0 T memcpy
0010d0f0 000000f4 T memset
0010d1e4 0000000c T __malloc_lock
0010d1f0 0000000c T __malloc_unlock
0010d1fc 0000005c T strlen
0010d258 000000a4 T strncat
0010d2fc 000000e0 T strncpy
0010d3dc 000000f8 T _malloc_trim_r
0010d4d4 000002e4 T _free_r
0010d7b8 0000015c T strchr
0010d914 0000011c T strncmp
0010da30 0000005c T strnlen
0010da8c 00000044 T strrchr
0010dad0 T _fini
0010e000 00000110 R ball_tex
0010e110 00001010 R button_Selector_Tex
0010f120 00006010 R double_Button_Tex
00115130 0000b8d4 R game_title_tex
00120a04 0004b010 R menu_Title_Tex
0016ba14 00001e10 R midline_Tex
0016d824 000003d0 R paddle_tex
0016dbf4 00006010 R quit_Button_Tex
00173c04 00006010 R single_Button_Tex
00179c14 00000010 r CSWTCH.23
00179c24 R shader_shbin
00179d70 R shader_shbin_end
00179d70 R shader_shbin_size
00179d74 00000003 r parm.11336
00179d78 00000004 r CSWTCH.7
00179d7c 00000005 r colorFmtSizes
00179d84 00000004 r depthFmtSizes
00179d88 00000038 r CSWTCH.2
00179dc0 00000014 r CSWTCH.26
00179dd4 00000008 r framebufferInfoSt
00179ddc 00000024 r CSWTCH.14
00179e00 0000000c r serviceNameTable.6245
00179e0c 00000030 r error_table
00179e48 00000068 R dotab_stdnull
00179eb0 00000003 R DIRECTORY_PARENT
00179eb4 00000002 R DIRECTORY_THIS
00179eb8 00000002 R DIRECTORY_SEPARATOR
00179f60 00000101 R _ctype_
0017a064 r __EH_FRAME_BEGIN__
0017a064 R __exidx_end
0017a064 R __exidx_start
0017b000 00000004 d useTransform_desc
0017b004 00000004 d transform_desc
0017b008 00000004 d vblank_wait
0017b00c 00000004 d projection_desc
0017b010 00000001 d topFormat
0017b011 00000001 d botFormat
0017b014 00000008 d doubleBuf
0017b01c 00000004 d aptFlags
0017b020 00000004 d gspLastEvent
0017b024 W __stacksize__
0017b028 00000401 d __cwd
0017b42c 00000068 d sdmc_devoptab
0017b494 00000004 d defaultDevice
0017b498 00000040 D devoptab_list
0017b4d8 00001000 d _current_working_directory
0017c4d8 00000440 d impure_data
0017c918 00000004 D _impure_ptr
0017c91c 00000408 D __malloc_av_
0017cd24 00000004 D __malloc_trim_threshold
0017cd28 00000004 D __malloc_sbrk_base
0017cd2c 0000000c d __malloc_lock_object
0017cd38 00000004 D __ctype_ptr__
0017cd3c t __frame_dummy_init_array_entry
0017cd3c T __init_array_start
0017cd3c d __JCR_LIST__
0017cd3c B __preinit_array_end
0017cd3c B __preinit_array_start
0017cd3c D __tdata_lma
0017cd3c D __tdata_lma_end
0017cd3c D __TMC_END__
0017cd3c d __TMC_LIST__
0017cd40 t __do_global_dtors_aux_fini_array_entry
0017cd40 T __fini_array_start
0017cd40 T __init_array_end
0017cd44 T __bss_start__
0017cd44 T __fini_array_end
0017cd44 b completed.6505
0017cd48 b object.6510
0017cd60 00000004 b sf2d_initialized
0017cd64 00000004 b pool_addr
0017cd68 00000014 b shader
0017cd7c 00000004 b dvlb
0017cd80 00000004 b in_render
0017cd84 00000004 b pool_index
0017cd88 00000001 b cur_screen
0017cd89 00000001 b cur_side
0017cd8c 00000004 b targetTopLeft
0017cd90 00000004 b targetTopRight
0017cd94 00000004 b targetBottom
0017cd98 00000004 b frames
0017cda0 00000008 b last_time
0017cda8 00000004 b current_fps
0017cdac 00000004 b pool_size
0017cdb0 0000000c b hookCookie
0017cdbc 00000001 b queuedCount
0017cdc0 00000004 b transferQueue
0017cdc4 00000004 b clearQueue
0017cdc8 00000001 b inSafeTransfer
0017cdcc 0000000c b linkedTarget
0017cdd8 0000004c b temp.11991
0017ce24 00000001 b inSafeClear
0017ce25 00000001 b queueSwap
0017ce28 00000020 b queuedFrame
0017ce48 00000001 b queuedState
0017ce49 00000001 b inFrame
0017ce4c 00000004 b lastTarget
0017ce50 00000004 b firstTarget
0017ce54 00000018 b C3Di_ShaderFVecData
0017ce6c 000000c0 b C3Di_FVUnifEverDirty
0017cf2c 00000008 b C3Di_IVUnifEverDirty
0017cf34 00000008 b sLinearPool
0017cf3c 0000000c b sAddrMap
0017cf48 00000008 b sVramPool
0017cf50 0000000c b sAddrMap
0017cf5c 00000001 b enable3d
0017cf60 00000004 b screenFree
0017cf64 00000002 b currentBuffer
0017cf68 00000001 V __ctru_speedup
0017cf6c 00000004 b aptLockHandle
0017cf70 00000004 b serviceName.6244
0017cf74 0000000c b aptFirstHook
0017cf80 00000004 b aptMessageFunc
0017cf84 00000004 b aptMessageFuncData
0017cf88 0000000c b aptEvents
0017cf94 00000001 b aptHomeButtonState
0017cf98 00000008 b aptSleepEvent
0017cfa0 00001000 b aptParameters
0017dfa0 00000004 b aptRefCount
0017dfa4 00000004 b aptEventHandlerThread
0017dfa8 00000001 b flagInit.6595
0017dfa9 00000001 b flagValue.6596
0017dfac 00000001 b gspRunEvents
0017dfb0 00000004 b gspEvent
0017dfb4 00000004 b gspEventData
0017dfb8 0000001c b gspEventCb
0017dfd4 00000007 b gspEventCbOneShot
0017dfdc 0000001c b gspEventCbData
0017dff8 00000038 b gspEvents
0017e030 0000001c b gspEventCounts
0017e04c 00000004 b gspRefCount
0017e050 00000004 b gspEventThread
0017e054 00000004 b hidRefCount
0017e058 00000004 b kOld
0017e05c 00000004 b kHeld
0017e060 00000004 b cPos
0017e064 00000004 b tPos
0017e068 00000006 b aVec
0017e070 00000006 b gRate
0017e078 00000004 b kDown
0017e07c 00000004 b kUp
0017e080 00000004 b irrstRefCount
0017e084 00000004 b kHeld
0017e088 00000004 b csPos
0017e08c 00000004 b ptmSysmRefCount
0017e090 00000004 b ptmSysmHandle
0017e094 b saved_stack
0017e09c 00000008 b sMappablePool
0017e0a4 0000000c b sAddrMap
0017e0b0 00000004 b srvRefCount
0017e0b4 00000004 b srvHandle
0017e0b8 00000004 b arbiter
0017e0c0 00000008 b sdmcArchive
0017e0c8 00000001 b sdmcInitialised
0017e0d0 00000004 b fsuHandle
0017e0d4 00000004 b fsuRefCount
0017e0d8 00000080 b fsExemptArchives
0017e158 00000004 b heap_start.5704
0017e15c 00000004 B fake_heap_start
0017e160 00000004 B fake_heap_end
0017e164 00001000 b temp_cwd
0017f164 00000038 B __syscalls
0017f19c 00000004 B __malloc_max_total_mem
0017f1a0 00000004 B __malloc_max_sbrked_mem
0017f1a4 00000004 B __malloc_top_pad
0017f1a8 00000028 B __malloc_current_mallinfo
0017f1d0 00000001 B Cur_State
0017f1d4 00000004 B touchPos
0017f1d8 00000278 B __C3D_Context
0017f450 00000020 B C3D_IVUnif
0017f470 000000c0 B C3D_FVUnifDirty
0017f530 00000002 B C3D_BoolUnifsDirty
0017f534 00000008 B C3D_IVUnifDirty
0017f53c 00000004 B C3D_BoolUnifs
0017f540 00000c00 B C3D_FVUnif
00180140 00000008 B gfxBottomFramebuffers
00180148 00000004 B gspSharedMemHandle
0018014c 0000001c B bottomFramebufferInfo
00180168 00000004 B gspEvent
0018016c 00000008 B gfxTopLeftFramebuffers
00180174 00000008 B gfxTopRightFramebuffers
0018017c 0000001c B topFramebufferInfo
00180198 00000001 B gfxThreadID
0018019c 00000004 B gfxSharedMemory
001801a0 00000004 B gpuCmdBuf
001801a4 00000004 B gpuCmdBufOffset
001801a8 00000004 B gpuCmdBufSize
001801ac 00000004 B gxCmdBuf
001801b0 00000004 B gspGpuHandle
001801b4 00000004 B hidMemHandle
001801b8 00000004 B hidHandle
001801bc 00000004 B hidSharedMem
001801c0 00000014 B hidEvents
001801d4 00000004 B irrstHandle
001801d8 00000004 B irrstEvent
001801dc 00000004 B irrstMemHandle
001801e0 00000004 B irrstSharedMem
001801e4 00000004 B __ctru_heap_size
001801e8 00000004 B __ctru_linear_heap
001801ec 00000004 B __ctru_heap
001801f0 00000004 B __ctru_linear_heap_size
001801f4 00000004 B __system_argv
001801f8 00000004 B __system_argc
001801fc 00000004 B __system_retAddr
00180200 B __tls_start
0018360c B __bss_end__
0018360c A __end__
0018360c B __tls_end
